<?xml version="1.0"?>
<!DOCTYPE coverage SYSTEM "http://cobertura.sourceforge.net/xml/coverage-04.dtd">

<coverage line-rate="0.23821989528795812" branch-rate="0.2375" lines-covered="182" lines-valid="764" branches-covered="57" branches-valid="240" complexity="2.122137404580153" version="2.0.3" timestamp="1428642815560">
	<sources>
		<source>/Users/zhaoru/ruz/15214/Team28/hw5b/src/main/java</source>
	</sources>
	<packages>
		<package name="edu.cmu.cs.cs214.hw5.GUI" line-rate="0.0" branch-rate="0.0" complexity="2.6">
			<classes>
				<class name="edu.cmu.cs.cs214.hw5.GUI.AnalysisButtonListener" filename="edu/cmu/cs/cs214/hw5/GUI/AnalysisButtonListener.java" line-rate="0.0" branch-rate="1.0" complexity="1.0">
					<methods>
						<method name="&lt;init&gt;" signature="(ILedu/cmu/cs/cs214/hw5/framework/FrameworkImpl;Ledu/cmu/cs/cs214/hw5/GUI/GUI;)V" line-rate="0.0" branch-rate="1.0">
							<lines>
								<line number="29" hits="0" branch="false"/>
								<line number="30" hits="0" branch="false"/>
								<line number="31" hits="0" branch="false"/>
								<line number="32" hits="0" branch="false"/>
								<line number="33" hits="0" branch="false"/>
							</lines>
						</method>
						<method name="actionPerformed" signature="(Ljava/awt/event/ActionEvent;)V" line-rate="0.0" branch-rate="1.0">
							<lines>
								<line number="37" hits="0" branch="false"/>
								<line number="38" hits="0" branch="false"/>
								<line number="39" hits="0" branch="false"/>
								<line number="40" hits="0" branch="false"/>
								<line number="41" hits="0" branch="false"/>
							</lines>
						</method>
					</methods>
					<lines>
						<line number="29" hits="0" branch="false"/>
						<line number="30" hits="0" branch="false"/>
						<line number="31" hits="0" branch="false"/>
						<line number="32" hits="0" branch="false"/>
						<line number="33" hits="0" branch="false"/>
						<line number="37" hits="0" branch="false"/>
						<line number="38" hits="0" branch="false"/>
						<line number="39" hits="0" branch="false"/>
						<line number="40" hits="0" branch="false"/>
						<line number="41" hits="0" branch="false"/>
					</lines>
				</class>
				<class name="edu.cmu.cs.cs214.hw5.GUI.DataButtonListener" filename="edu/cmu/cs/cs214/hw5/GUI/DataButtonListener.java" line-rate="0.0" branch-rate="0.0" complexity="4.333333333333333">
					<methods>
						<method name="&lt;init&gt;" signature="(ILedu/cmu/cs/cs214/hw5/framework/FrameworkImpl;Ledu/cmu/cs/cs214/hw5/GUI/GUI;)V" line-rate="0.0" branch-rate="1.0">
							<lines>
								<line number="33" hits="0" branch="false"/>
								<line number="34" hits="0" branch="false"/>
								<line number="35" hits="0" branch="false"/>
								<line number="36" hits="0" branch="false"/>
								<line number="37" hits="0" branch="false"/>
								<line number="38" hits="0" branch="false"/>
								<line number="39" hits="0" branch="false"/>
								<line number="40" hits="0" branch="false"/>
							</lines>
						</method>
						<method name="access$000" signature="(Ledu/cmu/cs/cs214/hw5/GUI/DataButtonListener;)Ledu/cmu/cs/cs214/hw5/framework/FrameworkImpl;" line-rate="1.0" branch-rate="1.0">
							<lines>
							</lines>
						</method>
						<method name="access$100" signature="(Ledu/cmu/cs/cs214/hw5/GUI/DataButtonListener;)Ledu/cmu/cs/cs214/hw5/GUI/GUI;" line-rate="0.0" branch-rate="1.0">
							<lines>
								<line number="14" hits="0" branch="false"/>
							</lines>
						</method>
						<method name="actionPerformed" signature="(Ljava/awt/event/ActionEvent;)V" line-rate="0.0" branch-rate="0.0">
							<lines>
								<line number="44" hits="0" branch="false"/>
								<line number="45" hits="0" branch="false"/>
								<line number="46" hits="0" branch="false"/>
								<line number="47" hits="0" branch="true" condition-coverage="0% (0/4)">
									<conditions>
										<condition number="0" type="jump" coverage="0%"/>
										<condition number="1" type="jump" coverage="0%"/>
									</conditions>
								</line>
								<line number="48" hits="0" branch="false"/>
								<line number="49" hits="0" branch="false"/>
								<line number="50" hits="0" branch="false"/>
								<line number="52" hits="0" branch="true" condition-coverage="0% (0/2)">
									<conditions>
										<condition number="0" type="jump" coverage="0%"/>
									</conditions>
								</line>
								<line number="53" hits="0" branch="true" condition-coverage="0% (0/2)">
									<conditions>
										<condition number="0" type="jump" coverage="0%"/>
									</conditions>
								</line>
								<line number="54" hits="0" branch="false"/>
								<line number="55" hits="0" branch="false"/>
								<line number="56" hits="0" branch="false"/>
								<line number="59" hits="0" branch="false"/>
								<line number="60" hits="0" branch="false"/>
								<line number="61" hits="0" branch="false"/>
								<line number="62" hits="0" branch="false"/>
								<line number="63" hits="0" branch="false"/>
								<line number="64" hits="0" branch="false"/>
								<line number="65" hits="0" branch="true" condition-coverage="0% (0/2)">
									<conditions>
										<condition number="0" type="jump" coverage="0%"/>
									</conditions>
								</line>
								<line number="66" hits="0" branch="false"/>
								<line number="67" hits="0" branch="false"/>
								<line number="69" hits="0" branch="false"/>
								<line number="70" hits="0" branch="false"/>
								<line number="71" hits="0" branch="false"/>
								<line number="72" hits="0" branch="false"/>
								<line number="84" hits="0" branch="false"/>
								<line number="86" hits="0" branch="false"/>
							</lines>
						</method>
					</methods>
					<lines>
						<line number="14" hits="0" branch="false"/>
						<line number="33" hits="0" branch="false"/>
						<line number="34" hits="0" branch="false"/>
						<line number="35" hits="0" branch="false"/>
						<line number="36" hits="0" branch="false"/>
						<line number="37" hits="0" branch="false"/>
						<line number="38" hits="0" branch="false"/>
						<line number="39" hits="0" branch="false"/>
						<line number="40" hits="0" branch="false"/>
						<line number="44" hits="0" branch="false"/>
						<line number="45" hits="0" branch="false"/>
						<line number="46" hits="0" branch="false"/>
						<line number="47" hits="0" branch="true" condition-coverage="0% (0/4)">
							<conditions>
								<condition number="0" type="jump" coverage="0%"/>
								<condition number="1" type="jump" coverage="0%"/>
							</conditions>
						</line>
						<line number="48" hits="0" branch="false"/>
						<line number="49" hits="0" branch="false"/>
						<line number="50" hits="0" branch="false"/>
						<line number="52" hits="0" branch="true" condition-coverage="0% (0/2)">
							<conditions>
								<condition number="0" type="jump" coverage="0%"/>
							</conditions>
						</line>
						<line number="53" hits="0" branch="true" condition-coverage="0% (0/2)">
							<conditions>
								<condition number="0" type="jump" coverage="0%"/>
							</conditions>
						</line>
						<line number="54" hits="0" branch="false"/>
						<line number="55" hits="0" branch="false"/>
						<line number="56" hits="0" branch="false"/>
						<line number="59" hits="0" branch="false"/>
						<line number="60" hits="0" branch="false"/>
						<line number="61" hits="0" branch="false"/>
						<line number="62" hits="0" branch="false"/>
						<line number="63" hits="0" branch="false"/>
						<line number="64" hits="0" branch="false"/>
						<line number="65" hits="0" branch="true" condition-coverage="0% (0/2)">
							<conditions>
								<condition number="0" type="jump" coverage="0%"/>
							</conditions>
						</line>
						<line number="66" hits="0" branch="false"/>
						<line number="67" hits="0" branch="false"/>
						<line number="69" hits="0" branch="false"/>
						<line number="70" hits="0" branch="false"/>
						<line number="71" hits="0" branch="false"/>
						<line number="72" hits="0" branch="false"/>
						<line number="84" hits="0" branch="false"/>
						<line number="86" hits="0" branch="false"/>
					</lines>
				</class>
				<class name="edu.cmu.cs.cs214.hw5.GUI.DataButtonListener$1" filename="edu/cmu/cs/cs214/hw5/GUI/DataButtonListener.java" line-rate="0.0" branch-rate="0.0" complexity="4.333333333333333">
					<methods>
						<method name="&lt;init&gt;" signature="(Ledu/cmu/cs/cs214/hw5/GUI/DataButtonListener;Ljava/lang/String;I)V" line-rate="0.0" branch-rate="1.0">
							<lines>
								<line number="72" hits="0" branch="false"/>
							</lines>
						</method>
						<method name="run" signature="()V" line-rate="0.0" branch-rate="0.0">
							<lines>
								<line number="76" hits="0" branch="true" condition-coverage="0% (0/2)">
									<conditions>
										<condition number="0" type="jump" coverage="0%"/>
									</conditions>
								</line>
								<line number="77" hits="0" branch="false"/>
								<line number="79" hits="0" branch="false"/>
								<line number="80" hits="0" branch="false"/>
								<line number="82" hits="0" branch="false"/>
							</lines>
						</method>
					</methods>
					<lines>
						<line number="72" hits="0" branch="false"/>
						<line number="76" hits="0" branch="true" condition-coverage="0% (0/2)">
							<conditions>
								<condition number="0" type="jump" coverage="0%"/>
							</conditions>
						</line>
						<line number="77" hits="0" branch="false"/>
						<line number="79" hits="0" branch="false"/>
						<line number="80" hits="0" branch="false"/>
						<line number="82" hits="0" branch="false"/>
					</lines>
				</class>
				<class name="edu.cmu.cs.cs214.hw5.GUI.GUI" filename="edu/cmu/cs/cs214/hw5/GUI/GUI.java" line-rate="0.0" branch-rate="0.0" complexity="2.4">
					<methods>
						<method name="&lt;init&gt;" signature="(Ledu/cmu/cs/cs214/hw5/framework/FrameworkImpl;)V" line-rate="0.0" branch-rate="1.0">
							<lines>
								<line number="39" hits="0" branch="false"/>
								<line number="40" hits="0" branch="false"/>
								<line number="41" hits="0" branch="false"/>
								<line number="42" hits="0" branch="false"/>
								<line number="44" hits="0" branch="false"/>
								<line number="45" hits="0" branch="false"/>
								<line number="46" hits="0" branch="false"/>
								<line number="48" hits="0" branch="false"/>
								<line number="49" hits="0" branch="false"/>
								<line number="50" hits="0" branch="false"/>
								<line number="51" hits="0" branch="false"/>
								<line number="52" hits="0" branch="false"/>
								<line number="54" hits="0" branch="false"/>
								<line number="55" hits="0" branch="false"/>
								<line number="57" hits="0" branch="false"/>
								<line number="58" hits="0" branch="false"/>
								<line number="59" hits="0" branch="false"/>
								<line number="61" hits="0" branch="false"/>
								<line number="62" hits="0" branch="false"/>
								<line number="63" hits="0" branch="false"/>
								<line number="64" hits="0" branch="false"/>
								<line number="65" hits="0" branch="false"/>
							</lines>
						</method>
						<method name="getAnalysisPane" signature="()Ljavax/swing/JPanel;" line-rate="0.0" branch-rate="0.0">
							<lines>
								<line number="122" hits="0" branch="true" condition-coverage="0% (0/2)">
									<conditions>
										<condition number="0" type="jump" coverage="0%"/>
									</conditions>
								</line>
								<line number="123" hits="0" branch="false"/>
								<line number="124" hits="0" branch="false"/>
							</lines>
						</method>
						<method name="getDataPane" signature="()Ljavax/swing/JPanel;" line-rate="0.0" branch-rate="0.0">
							<lines>
								<line number="68" hits="0" branch="false"/>
								<line number="69" hits="0" branch="false"/>
								<line number="71" hits="0" branch="false"/>
								<line number="73" hits="0" branch="false"/>
								<line number="74" hits="0" branch="false"/>
								<line number="75" hits="0" branch="false"/>
								<line number="76" hits="0" branch="false"/>
								<line number="77" hits="0" branch="false"/>
								<line number="78" hits="0" branch="false"/>
								<line number="80" hits="0" branch="true" condition-coverage="0% (0/2)">
									<conditions>
										<condition number="0" type="jump" coverage="0%"/>
									</conditions>
								</line>
								<line number="81" hits="0" branch="false"/>
								<line number="82" hits="0" branch="false"/>
								<line number="83" hits="0" branch="false"/>
								<line number="87" hits="0" branch="true" condition-coverage="0% (0/2)">
									<conditions>
										<condition number="0" type="jump" coverage="0%"/>
									</conditions>
								</line>
								<line number="88" hits="0" branch="false"/>
								<line number="89" hits="0" branch="false"/>
								<line number="90" hits="0" branch="false"/>
								<line number="91" hits="0" branch="false"/>
								<line number="93" hits="0" branch="false"/>
								<line number="96" hits="0" branch="false"/>
								<line number="97" hits="0" branch="false"/>
								<line number="98" hits="0" branch="false"/>
								<line number="100" hits="0" branch="false"/>
								<line number="101" hits="0" branch="false"/>
								<line number="102" hits="0" branch="false"/>
								<line number="103" hits="0" branch="false"/>
								<line number="105" hits="0" branch="true" condition-coverage="0% (0/2)">
									<conditions>
										<condition number="0" type="jump" coverage="0%"/>
									</conditions>
								</line>
								<line number="106" hits="0" branch="false"/>
								<line number="109" hits="0" branch="true" condition-coverage="0% (0/2)">
									<conditions>
										<condition number="0" type="jump" coverage="0%"/>
									</conditions>
								</line>
								<line number="110" hits="0" branch="false"/>
								<line number="113" hits="0" branch="false"/>
								<line number="114" hits="0" branch="false"/>
								<line number="115" hits="0" branch="false"/>
								<line number="116" hits="0" branch="false"/>
								<line number="118" hits="0" branch="false"/>
							</lines>
						</method>
						<method name="getPostNumField" signature="()Ljavax/swing/JTextField;" line-rate="0.0" branch-rate="1.0">
							<lines>
								<line number="151" hits="0" branch="false"/>
							</lines>
						</method>
						<method name="getPrompt" signature="()Ljavax/swing/JTextField;" line-rate="0.0" branch-rate="1.0">
							<lines>
								<line number="133" hits="0" branch="false"/>
							</lines>
						</method>
						<method name="getUserNameField" signature="()Ljavax/swing/JTextField;" line-rate="0.0" branch-rate="1.0">
							<lines>
								<line number="142" hits="0" branch="false"/>
							</lines>
						</method>
						<method name="onAnalysisFinished" signature="(Ljavax/swing/JPanel;)V" line-rate="0.0" branch-rate="0.0">
							<lines>
								<line number="195" hits="0" branch="false"/>
								<line number="196" hits="0" branch="true" condition-coverage="0% (0/2)">
									<conditions>
										<condition number="0" type="jump" coverage="0%"/>
									</conditions>
								</line>
								<line number="197" hits="0" branch="false"/>
								<line number="199" hits="0" branch="true" condition-coverage="0% (0/2)">
									<conditions>
										<condition number="0" type="jump" coverage="0%"/>
									</conditions>
								</line>
								<line number="200" hits="0" branch="false"/>
								<line number="202" hits="0" branch="false"/>
								<line number="203" hits="0" branch="false"/>
								<line number="204" hits="0" branch="false"/>
								<line number="205" hits="0" branch="false"/>
								<line number="206" hits="0" branch="false"/>
								<line number="207" hits="0" branch="false"/>
								<line number="208" hits="0" branch="false"/>
								<line number="209" hits="0" branch="false"/>
							</lines>
						</method>
						<method name="onDataRetrieving" signature="()V" line-rate="0.0" branch-rate="0.0">
							<lines>
								<line number="156" hits="0" branch="false"/>
								<line number="157" hits="0" branch="true" condition-coverage="0% (0/2)">
									<conditions>
										<condition number="0" type="jump" coverage="0%"/>
									</conditions>
								</line>
								<line number="158" hits="0" branch="false"/>
								<line number="160" hits="0" branch="true" condition-coverage="0% (0/2)">
									<conditions>
										<condition number="0" type="jump" coverage="0%"/>
									</conditions>
								</line>
								<line number="161" hits="0" branch="false"/>
								<line number="163" hits="0" branch="false"/>
								<line number="164" hits="0" branch="false"/>
								<line number="165" hits="0" branch="false"/>
							</lines>
						</method>
						<method name="onDataReturned" signature="()V" line-rate="0.0" branch-rate="0.0">
							<lines>
								<line number="169" hits="0" branch="false"/>
								<line number="170" hits="0" branch="true" condition-coverage="0% (0/2)">
									<conditions>
										<condition number="0" type="jump" coverage="0%"/>
									</conditions>
								</line>
								<line number="171" hits="0" branch="false"/>
								<line number="173" hits="0" branch="true" condition-coverage="0% (0/2)">
									<conditions>
										<condition number="0" type="jump" coverage="0%"/>
									</conditions>
								</line>
								<line number="174" hits="0" branch="false"/>
								<line number="176" hits="0" branch="false"/>
								<line number="177" hits="0" branch="false"/>
								<line number="178" hits="0" branch="false"/>
							</lines>
						</method>
						<method name="onInvalidUser" signature="()V" line-rate="0.0" branch-rate="0.0">
							<lines>
								<line number="182" hits="0" branch="false"/>
								<line number="183" hits="0" branch="true" condition-coverage="0% (0/2)">
									<conditions>
										<condition number="0" type="jump" coverage="0%"/>
									</conditions>
								</line>
								<line number="184" hits="0" branch="false"/>
								<line number="186" hits="0" branch="true" condition-coverage="0% (0/2)">
									<conditions>
										<condition number="0" type="jump" coverage="0%"/>
									</conditions>
								</line>
								<line number="187" hits="0" branch="false"/>
								<line number="189" hits="0" branch="false"/>
								<line number="190" hits="0" branch="false"/>
								<line number="191" hits="0" branch="false"/>
							</lines>
						</method>
					</methods>
					<lines>
						<line number="39" hits="0" branch="false"/>
						<line number="40" hits="0" branch="false"/>
						<line number="41" hits="0" branch="false"/>
						<line number="42" hits="0" branch="false"/>
						<line number="44" hits="0" branch="false"/>
						<line number="45" hits="0" branch="false"/>
						<line number="46" hits="0" branch="false"/>
						<line number="48" hits="0" branch="false"/>
						<line number="49" hits="0" branch="false"/>
						<line number="50" hits="0" branch="false"/>
						<line number="51" hits="0" branch="false"/>
						<line number="52" hits="0" branch="false"/>
						<line number="54" hits="0" branch="false"/>
						<line number="55" hits="0" branch="false"/>
						<line number="57" hits="0" branch="false"/>
						<line number="58" hits="0" branch="false"/>
						<line number="59" hits="0" branch="false"/>
						<line number="61" hits="0" branch="false"/>
						<line number="62" hits="0" branch="false"/>
						<line number="63" hits="0" branch="false"/>
						<line number="64" hits="0" branch="false"/>
						<line number="65" hits="0" branch="false"/>
						<line number="68" hits="0" branch="false"/>
						<line number="69" hits="0" branch="false"/>
						<line number="71" hits="0" branch="false"/>
						<line number="73" hits="0" branch="false"/>
						<line number="74" hits="0" branch="false"/>
						<line number="75" hits="0" branch="false"/>
						<line number="76" hits="0" branch="false"/>
						<line number="77" hits="0" branch="false"/>
						<line number="78" hits="0" branch="false"/>
						<line number="80" hits="0" branch="true" condition-coverage="0% (0/2)">
							<conditions>
								<condition number="0" type="jump" coverage="0%"/>
							</conditions>
						</line>
						<line number="81" hits="0" branch="false"/>
						<line number="82" hits="0" branch="false"/>
						<line number="83" hits="0" branch="false"/>
						<line number="87" hits="0" branch="true" condition-coverage="0% (0/2)">
							<conditions>
								<condition number="0" type="jump" coverage="0%"/>
							</conditions>
						</line>
						<line number="88" hits="0" branch="false"/>
						<line number="89" hits="0" branch="false"/>
						<line number="90" hits="0" branch="false"/>
						<line number="91" hits="0" branch="false"/>
						<line number="93" hits="0" branch="false"/>
						<line number="96" hits="0" branch="false"/>
						<line number="97" hits="0" branch="false"/>
						<line number="98" hits="0" branch="false"/>
						<line number="100" hits="0" branch="false"/>
						<line number="101" hits="0" branch="false"/>
						<line number="102" hits="0" branch="false"/>
						<line number="103" hits="0" branch="false"/>
						<line number="105" hits="0" branch="true" condition-coverage="0% (0/2)">
							<conditions>
								<condition number="0" type="jump" coverage="0%"/>
							</conditions>
						</line>
						<line number="106" hits="0" branch="false"/>
						<line number="109" hits="0" branch="true" condition-coverage="0% (0/2)">
							<conditions>
								<condition number="0" type="jump" coverage="0%"/>
							</conditions>
						</line>
						<line number="110" hits="0" branch="false"/>
						<line number="113" hits="0" branch="false"/>
						<line number="114" hits="0" branch="false"/>
						<line number="115" hits="0" branch="false"/>
						<line number="116" hits="0" branch="false"/>
						<line number="118" hits="0" branch="false"/>
						<line number="122" hits="0" branch="true" condition-coverage="0% (0/2)">
							<conditions>
								<condition number="0" type="jump" coverage="0%"/>
							</conditions>
						</line>
						<line number="123" hits="0" branch="false"/>
						<line number="124" hits="0" branch="false"/>
						<line number="133" hits="0" branch="false"/>
						<line number="142" hits="0" branch="false"/>
						<line number="151" hits="0" branch="false"/>
						<line number="156" hits="0" branch="false"/>
						<line number="157" hits="0" branch="true" condition-coverage="0% (0/2)">
							<conditions>
								<condition number="0" type="jump" coverage="0%"/>
							</conditions>
						</line>
						<line number="158" hits="0" branch="false"/>
						<line number="160" hits="0" branch="true" condition-coverage="0% (0/2)">
							<conditions>
								<condition number="0" type="jump" coverage="0%"/>
							</conditions>
						</line>
						<line number="161" hits="0" branch="false"/>
						<line number="163" hits="0" branch="false"/>
						<line number="164" hits="0" branch="false"/>
						<line number="165" hits="0" branch="false"/>
						<line number="169" hits="0" branch="false"/>
						<line number="170" hits="0" branch="true" condition-coverage="0% (0/2)">
							<conditions>
								<condition number="0" type="jump" coverage="0%"/>
							</conditions>
						</line>
						<line number="171" hits="0" branch="false"/>
						<line number="173" hits="0" branch="true" condition-coverage="0% (0/2)">
							<conditions>
								<condition number="0" type="jump" coverage="0%"/>
							</conditions>
						</line>
						<line number="174" hits="0" branch="false"/>
						<line number="176" hits="0" branch="false"/>
						<line number="177" hits="0" branch="false"/>
						<line number="178" hits="0" branch="false"/>
						<line number="182" hits="0" branch="false"/>
						<line number="183" hits="0" branch="true" condition-coverage="0% (0/2)">
							<conditions>
								<condition number="0" type="jump" coverage="0%"/>
							</conditions>
						</line>
						<line number="184" hits="0" branch="false"/>
						<line number="186" hits="0" branch="true" condition-coverage="0% (0/2)">
							<conditions>
								<condition number="0" type="jump" coverage="0%"/>
							</conditions>
						</line>
						<line number="187" hits="0" branch="false"/>
						<line number="189" hits="0" branch="false"/>
						<line number="190" hits="0" branch="false"/>
						<line number="191" hits="0" branch="false"/>
						<line number="195" hits="0" branch="false"/>
						<line number="196" hits="0" branch="true" condition-coverage="0% (0/2)">
							<conditions>
								<condition number="0" type="jump" coverage="0%"/>
							</conditions>
						</line>
						<line number="197" hits="0" branch="false"/>
						<line number="199" hits="0" branch="true" condition-coverage="0% (0/2)">
							<conditions>
								<condition number="0" type="jump" coverage="0%"/>
							</conditions>
						</line>
						<line number="200" hits="0" branch="false"/>
						<line number="202" hits="0" branch="false"/>
						<line number="203" hits="0" branch="false"/>
						<line number="204" hits="0" branch="false"/>
						<line number="205" hits="0" branch="false"/>
						<line number="206" hits="0" branch="false"/>
						<line number="207" hits="0" branch="false"/>
						<line number="208" hits="0" branch="false"/>
						<line number="209" hits="0" branch="false"/>
					</lines>
				</class>
			</classes>
		</package>
		<package name="edu.cmu.cs.cs214.hw5.framework" line-rate="0.8310502283105022" branch-rate="0.6951219512195121" complexity="1.5164835164835164">
			<classes>
				<class name="edu.cmu.cs.cs214.hw5.framework.Framework" filename="edu/cmu/cs/cs214/hw5/framework/Framework.java" line-rate="1.0" branch-rate="1.0" complexity="1.0">
					<methods>
					</methods>
					<lines>
					</lines>
				</class>
				<class name="edu.cmu.cs.cs214.hw5.framework.FrameworkChangeListener" filename="edu/cmu/cs/cs214/hw5/framework/FrameworkChangeListener.java" line-rate="1.0" branch-rate="1.0" complexity="1.0">
					<methods>
					</methods>
					<lines>
					</lines>
				</class>
				<class name="edu.cmu.cs.cs214.hw5.framework.FrameworkImpl" filename="edu/cmu/cs/cs214/hw5/framework/FrameworkImpl.java" line-rate="0.8970588235294118" branch-rate="0.6666666666666666" complexity="1.4166666666666667">
					<methods>
						<method name="&lt;init&gt;" signature="()V" line-rate="1.0" branch-rate="1.0">
							<lines>
								<line number="32" hits="4" branch="false"/>
								<line number="33" hits="4" branch="false"/>
								<line number="34" hits="4" branch="false"/>
								<line number="35" hits="4" branch="false"/>
								<line number="36" hits="4" branch="false"/>
							</lines>
						</method>
						<method name="addChangerListener" signature="(Ledu/cmu/cs/cs214/hw5/framework/FrameworkChangeListener;)V" line-rate="1.0" branch-rate="1.0">
							<lines>
								<line number="58" hits="4" branch="false"/>
								<line number="59" hits="4" branch="false"/>
							</lines>
						</method>
						<method name="backToFormer" signature="()V" line-rate="1.0" branch-rate="0.5">
							<lines>
								<line number="96" hits="1" branch="false"/>
								<line number="97" hits="1" branch="true" condition-coverage="50% (2/4)">
									<conditions>
										<condition number="0" type="jump" coverage="50%"/>
										<condition number="1" type="jump" coverage="50%"/>
									</conditions>
								</line>
								<line number="98" hits="1" branch="false"/>
								<line number="100" hits="1" branch="false"/>
							</lines>
						</method>
						<method name="generateData" signature="(Ljava/lang/String;II)V" line-rate="1.0" branch-rate="1.0">
							<lines>
								<line number="70" hits="1" branch="false"/>
								<line number="71" hits="1" branch="false"/>
								<line number="72" hits="1" branch="false"/>
								<line number="73" hits="1" branch="false"/>
								<line number="74" hits="1" branch="false"/>
								<line number="76" hits="1" branch="false"/>
								<line number="77" hits="1" branch="true" condition-coverage="100% (2/2)">
									<conditions>
										<condition number="0" type="jump" coverage="100%"/>
									</conditions>
								</line>
								<line number="78" hits="2" branch="false"/>
								<line number="80" hits="2" branch="false"/>
								<line number="81" hits="2" branch="false"/>
								<line number="82" hits="2" branch="false"/>
								<line number="83" hits="1" branch="false"/>
								<line number="84" hits="1" branch="false"/>
								<line number="85" hits="1" branch="false"/>
							</lines>
						</method>
						<method name="getAllPanels" signature="()Ljava/util/List;" line-rate="1.0" branch-rate="1.0">
							<lines>
								<line number="220" hits="5" branch="false"/>
							</lines>
						</method>
						<method name="getAnalysisPlugins" signature="()Ljava/util/List;" line-rate="1.0" branch-rate="1.0">
							<lines>
								<line number="198" hits="5" branch="false"/>
							</lines>
						</method>
						<method name="getChangeListener" signature="()Ljava/util/List;" line-rate="1.0" branch-rate="1.0">
							<lines>
								<line number="229" hits="1" branch="false"/>
							</lines>
						</method>
						<method name="getCurrentAnalysis" signature="()Ledu/cmu/cs/cs214/hw5/plugin/AnalysisPlugin;" line-rate="0.0" branch-rate="1.0">
							<lines>
								<line number="143" hits="0" branch="false"/>
							</lines>
						</method>
						<method name="getCurrentData" signature="()Ledu/cmu/cs/cs214/hw5/plugin/DataPlugin;" line-rate="0.0" branch-rate="1.0">
							<lines>
								<line number="160" hits="0" branch="false"/>
							</lines>
						</method>
						<method name="getCurrentPane" signature="()Ljavax/swing/JPanel;" line-rate="1.0" branch-rate="1.0">
							<lines>
								<line number="179" hits="8" branch="false"/>
							</lines>
						</method>
						<method name="getDataPlugins" signature="()Ljava/util/List;" line-rate="1.0" branch-rate="1.0">
							<lines>
								<line number="205" hits="5" branch="false"/>
							</lines>
						</method>
						<method name="getUserInfo" signature="()Ledu/cmu/cs/cs214/hw5/framework/UserInfoImpl;" line-rate="1.0" branch-rate="1.0">
							<lines>
								<line number="212" hits="4" branch="false"/>
							</lines>
						</method>
						<method name="goToNext" signature="()V" line-rate="1.0" branch-rate="0.5">
							<lines>
								<line number="104" hits="1" branch="false"/>
								<line number="105" hits="1" branch="true" condition-coverage="50% (2/4)">
									<conditions>
										<condition number="0" type="jump" coverage="50%"/>
										<condition number="1" type="jump" coverage="50%"/>
									</conditions>
								</line>
								<line number="106" hits="1" branch="false"/>
								<line number="108" hits="1" branch="false"/>
							</lines>
						</method>
						<method name="initialize" signature="()V" line-rate="1.0" branch-rate="1.0">
							<lines>
								<line number="40" hits="4" branch="false"/>
								<line number="41" hits="4" branch="false"/>
								<line number="42" hits="4" branch="false"/>
								<line number="43" hits="4" branch="false"/>
								<line number="44" hits="4" branch="false"/>
							</lines>
						</method>
						<method name="isValidUserName" signature="(Ljava/lang/String;I)Z" line-rate="0.0" branch-rate="0.0">
							<lines>
								<line number="63" hits="0" branch="true" condition-coverage="0% (0/2)">
									<conditions>
										<condition number="0" type="jump" coverage="0%"/>
									</conditions>
								</line>
								<line number="64" hits="0" branch="false"/>
								<line number="65" hits="0" branch="false"/>
							</lines>
						</method>
						<method name="notifyAnalysisFinished" signature="(Ljavax/swing/JPanel;)V" line-rate="1.0" branch-rate="1.0">
							<lines>
								<line number="133" hits="3" branch="true" condition-coverage="100% (2/2)">
									<conditions>
										<condition number="0" type="jump" coverage="100%"/>
									</conditions>
								</line>
								<line number="134" hits="3" branch="false"/>
								<line number="135" hits="3" branch="false"/>
							</lines>
						</method>
						<method name="notifyDataRetrieving" signature="()V" line-rate="1.0" branch-rate="1.0">
							<lines>
								<line number="122" hits="1" branch="true" condition-coverage="100% (2/2)">
									<conditions>
										<condition number="0" type="jump" coverage="100%"/>
									</conditions>
								</line>
								<line number="123" hits="1" branch="false"/>
								<line number="124" hits="1" branch="false"/>
							</lines>
						</method>
						<method name="notifyDataReturned" signature="()V" line-rate="1.0" branch-rate="1.0">
							<lines>
								<line number="114" hits="1" branch="true" condition-coverage="100% (2/2)">
									<conditions>
										<condition number="0" type="jump" coverage="100%"/>
									</conditions>
								</line>
								<line number="115" hits="1" branch="false"/>
								<line number="116" hits="1" branch="false"/>
							</lines>
						</method>
						<method name="registerAnalysisPlugin" signature="(Ledu/cmu/cs/cs214/hw5/plugin/AnalysisPlugin;)V" line-rate="1.0" branch-rate="1.0">
							<lines>
								<line number="53" hits="4" branch="false"/>
								<line number="54" hits="4" branch="false"/>
							</lines>
						</method>
						<method name="registerDataPlugin" signature="(Ledu/cmu/cs/cs214/hw5/plugin/DataPlugin;)V" line-rate="1.0" branch-rate="1.0">
							<lines>
								<line number="48" hits="4" branch="false"/>
								<line number="49" hits="4" branch="false"/>
							</lines>
						</method>
						<method name="setCurrentAnalysis" signature="(Ledu/cmu/cs/cs214/hw5/plugin/AnalysisPlugin;)V" line-rate="1.0" branch-rate="1.0">
							<lines>
								<line number="153" hits="4" branch="false"/>
								<line number="154" hits="4" branch="false"/>
							</lines>
						</method>
						<method name="setCurrentData" signature="(Ledu/cmu/cs/cs214/hw5/plugin/DataPlugin;)V" line-rate="1.0" branch-rate="1.0">
							<lines>
								<line number="170" hits="4" branch="false"/>
								<line number="171" hits="4" branch="false"/>
							</lines>
						</method>
						<method name="setCurrentPane" signature="(Ljavax/swing/JPanel;)V" line-rate="0.0" branch-rate="1.0">
							<lines>
								<line number="189" hits="0" branch="false"/>
								<line number="190" hits="0" branch="false"/>
							</lines>
						</method>
						<method name="showAnalysis" signature="()V" line-rate="1.0" branch-rate="1.0">
							<lines>
								<line number="89" hits="3" branch="false"/>
								<line number="90" hits="3" branch="false"/>
								<line number="91" hits="3" branch="false"/>
								<line number="92" hits="3" branch="false"/>
							</lines>
						</method>
					</methods>
					<lines>
						<line number="32" hits="4" branch="false"/>
						<line number="33" hits="4" branch="false"/>
						<line number="34" hits="4" branch="false"/>
						<line number="35" hits="4" branch="false"/>
						<line number="36" hits="4" branch="false"/>
						<line number="40" hits="4" branch="false"/>
						<line number="41" hits="4" branch="false"/>
						<line number="42" hits="4" branch="false"/>
						<line number="43" hits="4" branch="false"/>
						<line number="44" hits="4" branch="false"/>
						<line number="48" hits="4" branch="false"/>
						<line number="49" hits="4" branch="false"/>
						<line number="53" hits="4" branch="false"/>
						<line number="54" hits="4" branch="false"/>
						<line number="58" hits="4" branch="false"/>
						<line number="59" hits="4" branch="false"/>
						<line number="63" hits="0" branch="true" condition-coverage="0% (0/2)">
							<conditions>
								<condition number="0" type="jump" coverage="0%"/>
							</conditions>
						</line>
						<line number="64" hits="0" branch="false"/>
						<line number="65" hits="0" branch="false"/>
						<line number="70" hits="1" branch="false"/>
						<line number="71" hits="1" branch="false"/>
						<line number="72" hits="1" branch="false"/>
						<line number="73" hits="1" branch="false"/>
						<line number="74" hits="1" branch="false"/>
						<line number="76" hits="1" branch="false"/>
						<line number="77" hits="1" branch="true" condition-coverage="100% (2/2)">
							<conditions>
								<condition number="0" type="jump" coverage="100%"/>
							</conditions>
						</line>
						<line number="78" hits="2" branch="false"/>
						<line number="80" hits="2" branch="false"/>
						<line number="81" hits="2" branch="false"/>
						<line number="82" hits="2" branch="false"/>
						<line number="83" hits="1" branch="false"/>
						<line number="84" hits="1" branch="false"/>
						<line number="85" hits="1" branch="false"/>
						<line number="89" hits="3" branch="false"/>
						<line number="90" hits="3" branch="false"/>
						<line number="91" hits="3" branch="false"/>
						<line number="92" hits="3" branch="false"/>
						<line number="96" hits="1" branch="false"/>
						<line number="97" hits="1" branch="true" condition-coverage="50% (2/4)">
							<conditions>
								<condition number="0" type="jump" coverage="50%"/>
								<condition number="1" type="jump" coverage="50%"/>
							</conditions>
						</line>
						<line number="98" hits="1" branch="false"/>
						<line number="100" hits="1" branch="false"/>
						<line number="104" hits="1" branch="false"/>
						<line number="105" hits="1" branch="true" condition-coverage="50% (2/4)">
							<conditions>
								<condition number="0" type="jump" coverage="50%"/>
								<condition number="1" type="jump" coverage="50%"/>
							</conditions>
						</line>
						<line number="106" hits="1" branch="false"/>
						<line number="108" hits="1" branch="false"/>
						<line number="114" hits="1" branch="true" condition-coverage="100% (2/2)">
							<conditions>
								<condition number="0" type="jump" coverage="100%"/>
							</conditions>
						</line>
						<line number="115" hits="1" branch="false"/>
						<line number="116" hits="1" branch="false"/>
						<line number="122" hits="1" branch="true" condition-coverage="100% (2/2)">
							<conditions>
								<condition number="0" type="jump" coverage="100%"/>
							</conditions>
						</line>
						<line number="123" hits="1" branch="false"/>
						<line number="124" hits="1" branch="false"/>
						<line number="133" hits="3" branch="true" condition-coverage="100% (2/2)">
							<conditions>
								<condition number="0" type="jump" coverage="100%"/>
							</conditions>
						</line>
						<line number="134" hits="3" branch="false"/>
						<line number="135" hits="3" branch="false"/>
						<line number="143" hits="0" branch="false"/>
						<line number="153" hits="4" branch="false"/>
						<line number="154" hits="4" branch="false"/>
						<line number="160" hits="0" branch="false"/>
						<line number="170" hits="4" branch="false"/>
						<line number="171" hits="4" branch="false"/>
						<line number="179" hits="8" branch="false"/>
						<line number="189" hits="0" branch="false"/>
						<line number="190" hits="0" branch="false"/>
						<line number="198" hits="5" branch="false"/>
						<line number="205" hits="5" branch="false"/>
						<line number="212" hits="4" branch="false"/>
						<line number="220" hits="5" branch="false"/>
						<line number="229" hits="1" branch="false"/>
					</lines>
				</class>
				<class name="edu.cmu.cs.cs214.hw5.framework.Location" filename="edu/cmu/cs/cs214/hw5/framework/Location.java" line-rate="1.0" branch-rate="1.0" complexity="1.0">
					<methods>
						<method name="&lt;init&gt;" signature="(DD)V" line-rate="1.0" branch-rate="1.0">
							<lines>
								<line number="18" hits="5" branch="false"/>
								<line number="19" hits="5" branch="false"/>
								<line number="20" hits="5" branch="false"/>
								<line number="21" hits="5" branch="false"/>
							</lines>
						</method>
						<method name="getLati" signature="()D" line-rate="1.0" branch-rate="1.0">
							<lines>
								<line number="29" hits="1" branch="false"/>
							</lines>
						</method>
						<method name="getLongi" signature="()D" line-rate="1.0" branch-rate="1.0">
							<lines>
								<line number="38" hits="1" branch="false"/>
							</lines>
						</method>
					</methods>
					<lines>
						<line number="18" hits="5" branch="false"/>
						<line number="19" hits="5" branch="false"/>
						<line number="20" hits="5" branch="false"/>
						<line number="21" hits="5" branch="false"/>
						<line number="29" hits="1" branch="false"/>
						<line number="38" hits="1" branch="false"/>
					</lines>
				</class>
				<class name="edu.cmu.cs.cs214.hw5.framework.Main" filename="edu/cmu/cs/cs214/hw5/framework/Main.java" line-rate="0.0" branch-rate="1.0" complexity="1.0">
					<methods>
						<method name="&lt;init&gt;" signature="()V" line-rate="1.0" branch-rate="1.0">
							<lines>
							</lines>
						</method>
						<method name="access$000" signature="()V" line-rate="0.0" branch-rate="1.0">
							<lines>
								<line number="16" hits="0" branch="false"/>
							</lines>
						</method>
						<method name="createAndStartFramework" signature="()V" line-rate="0.0" branch-rate="1.0">
							<lines>
								<line number="34" hits="0" branch="false"/>
								<line number="35" hits="0" branch="false"/>
								<line number="37" hits="0" branch="false"/>
								<line number="38" hits="0" branch="false"/>
								<line number="39" hits="0" branch="false"/>
								<line number="40" hits="0" branch="false"/>
								<line number="41" hits="0" branch="false"/>
								<line number="43" hits="0" branch="false"/>
								<line number="44" hits="0" branch="false"/>
								<line number="46" hits="0" branch="false"/>
							</lines>
						</method>
						<method name="main" signature="([Ljava/lang/String;)V" line-rate="0.0" branch-rate="1.0">
							<lines>
								<line number="25" hits="0" branch="false"/>
								<line number="31" hits="0" branch="false"/>
							</lines>
						</method>
					</methods>
					<lines>
						<line number="16" hits="0" branch="false"/>
						<line number="25" hits="0" branch="false"/>
						<line number="31" hits="0" branch="false"/>
						<line number="34" hits="0" branch="false"/>
						<line number="35" hits="0" branch="false"/>
						<line number="37" hits="0" branch="false"/>
						<line number="38" hits="0" branch="false"/>
						<line number="39" hits="0" branch="false"/>
						<line number="40" hits="0" branch="false"/>
						<line number="41" hits="0" branch="false"/>
						<line number="43" hits="0" branch="false"/>
						<line number="44" hits="0" branch="false"/>
						<line number="46" hits="0" branch="false"/>
					</lines>
				</class>
				<class name="edu.cmu.cs.cs214.hw5.framework.Main$1" filename="edu/cmu/cs/cs214/hw5/framework/Main.java" line-rate="0.0" branch-rate="1.0" complexity="1.0">
					<methods>
						<method name="&lt;init&gt;" signature="()V" line-rate="0.0" branch-rate="1.0">
							<lines>
								<line number="25" hits="0" branch="false"/>
							</lines>
						</method>
						<method name="run" signature="()V" line-rate="0.0" branch-rate="1.0">
							<lines>
								<line number="28" hits="0" branch="false"/>
								<line number="29" hits="0" branch="false"/>
							</lines>
						</method>
					</methods>
					<lines>
						<line number="25" hits="0" branch="false"/>
						<line number="28" hits="0" branch="false"/>
						<line number="29" hits="0" branch="false"/>
					</lines>
				</class>
				<class name="edu.cmu.cs.cs214.hw5.framework.Post" filename="edu/cmu/cs/cs214/hw5/framework/Post.java" line-rate="1.0" branch-rate="1.0" complexity="1.0">
					<methods>
						<method name="&lt;init&gt;" signature="(Ljava/lang/String;Ledu/cmu/cs/cs214/hw5/framework/Location;J)V" line-rate="1.0" branch-rate="1.0">
							<lines>
								<line number="22" hits="5" branch="false"/>
								<line number="23" hits="5" branch="false"/>
								<line number="24" hits="5" branch="false"/>
								<line number="25" hits="5" branch="false"/>
								<line number="26" hits="5" branch="false"/>
							</lines>
						</method>
						<method name="getContent" signature="()Ljava/lang/String;" line-rate="1.0" branch-rate="1.0">
							<lines>
								<line number="34" hits="2" branch="false"/>
							</lines>
						</method>
						<method name="getLocation" signature="()Ledu/cmu/cs/cs214/hw5/framework/Location;" line-rate="1.0" branch-rate="1.0">
							<lines>
								<line number="43" hits="10" branch="false"/>
							</lines>
						</method>
						<method name="getTime" signature="()J" line-rate="1.0" branch-rate="1.0">
							<lines>
								<line number="52" hits="5" branch="false"/>
							</lines>
						</method>
					</methods>
					<lines>
						<line number="22" hits="5" branch="false"/>
						<line number="23" hits="5" branch="false"/>
						<line number="24" hits="5" branch="false"/>
						<line number="25" hits="5" branch="false"/>
						<line number="26" hits="5" branch="false"/>
						<line number="34" hits="2" branch="false"/>
						<line number="43" hits="10" branch="false"/>
						<line number="52" hits="5" branch="false"/>
					</lines>
				</class>
				<class name="edu.cmu.cs.cs214.hw5.framework.UserBean" filename="edu/cmu/cs/cs214/hw5/framework/UserBean.java" line-rate="0.9354838709677419" branch-rate="0.6739130434782609" complexity="3.7777777777777777">
					<methods>
						<method name="&lt;init&gt;" signature="(Ljava/lang/String;Ljava/util/List;)V" line-rate="1.0" branch-rate="1.0">
							<lines>
								<line number="26" hits="6" branch="false"/>
								<line number="27" hits="6" branch="false"/>
								<line number="28" hits="6" branch="false"/>
								<line number="29" hits="6" branch="false"/>
							</lines>
						</method>
						<method name="findLatestLocation" signature="()Ledu/cmu/cs/cs214/hw5/framework/Location;" line-rate="0.875" branch-rate="0.5">
							<lines>
								<line number="135" hits="4" branch="false"/>
								<line number="136" hits="4" branch="true" condition-coverage="50% (2/4)">
									<conditions>
										<condition number="0" type="jump" coverage="50%"/>
										<condition number="1" type="jump" coverage="50%"/>
									</conditions>
								</line>
								<line number="137" hits="4" branch="true" condition-coverage="50% (1/2)">
									<conditions>
										<condition number="0" type="jump" coverage="50%"/>
									</conditions>
								</line>
								<line number="138" hits="4" branch="true" condition-coverage="50% (1/2)">
									<conditions>
										<condition number="0" type="jump" coverage="50%"/>
									</conditions>
								</line>
								<line number="139" hits="4" branch="false"/>
								<line number="140" hits="4" branch="false"/>
								<line number="142" hits="0" branch="false"/>
								<line number="144" hits="4" branch="false"/>
							</lines>
						</method>
						<method name="findPostsAvgFrequency" signature="()I" line-rate="1.0" branch-rate="0.75">
							<lines>
								<line number="153" hits="3" branch="false"/>
								<line number="154" hits="3" branch="true" condition-coverage="50% (2/4)">
									<conditions>
										<condition number="0" type="jump" coverage="50%"/>
										<condition number="1" type="jump" coverage="50%"/>
									</conditions>
								</line>
								<line number="155" hits="5" branch="true" condition-coverage="100% (2/2)">
									<conditions>
										<condition number="0" type="jump" coverage="100%"/>
									</conditions>
								</line>
								<line number="156" hits="2" branch="false"/>
								<line number="158" hits="3" branch="true" condition-coverage="100% (2/2)">
									<conditions>
										<condition number="0" type="jump" coverage="100%"/>
									</conditions>
								</line>
								<line number="159" hits="2" branch="false"/>
								<line number="161" hits="3" branch="false"/>
							</lines>
						</method>
						<method name="getPostLocation" signature="()Ljava/util/List;" line-rate="1.0" branch-rate="0.6666666666666666">
							<lines>
								<line number="55" hits="1" branch="false"/>
								<line number="56" hits="1" branch="true" condition-coverage="50% (2/4)">
									<conditions>
										<condition number="0" type="jump" coverage="50%"/>
										<condition number="1" type="jump" coverage="50%"/>
									</conditions>
								</line>
								<line number="57" hits="1" branch="true" condition-coverage="100% (2/2)">
									<conditions>
										<condition number="0" type="jump" coverage="100%"/>
									</conditions>
								</line>
								<line number="58" hits="1" branch="false"/>
								<line number="59" hits="1" branch="false"/>
								<line number="61" hits="1" branch="false"/>
							</lines>
						</method>
						<method name="getPosts" signature="()Ljava/util/List;" line-rate="1.0" branch-rate="1.0">
							<lines>
								<line number="46" hits="3" branch="false"/>
							</lines>
						</method>
						<method name="getPostsContent" signature="()Ljava/util/List;" line-rate="1.0" branch-rate="0.6666666666666666">
							<lines>
								<line number="85" hits="1" branch="false"/>
								<line number="86" hits="1" branch="false"/>
								<line number="87" hits="1" branch="true" condition-coverage="50% (2/4)">
									<conditions>
										<condition number="0" type="jump" coverage="50%"/>
										<condition number="1" type="jump" coverage="50%"/>
									</conditions>
								</line>
								<line number="88" hits="1" branch="true" condition-coverage="100% (2/2)">
									<conditions>
										<condition number="0" type="jump" coverage="100%"/>
									</conditions>
								</line>
								<line number="89" hits="1" branch="true" condition-coverage="50% (1/2)">
									<conditions>
										<condition number="0" type="jump" coverage="50%"/>
									</conditions>
								</line>
								<line number="90" hits="1" branch="false"/>
								<line number="91" hits="1" branch="false"/>
								<line number="92" hits="1" branch="false"/>
								<line number="93" hits="2" branch="true" condition-coverage="100% (2/2)">
									<conditions>
										<condition number="0" type="jump" coverage="100%"/>
									</conditions>
								</line>
								<line number="94" hits="1" branch="true" condition-coverage="50% (1/2)">
									<conditions>
										<condition number="0" type="jump" coverage="50%"/>
									</conditions>
								</line>
								<line number="95" hits="1" branch="false"/>
								<line number="98" hits="1" branch="false"/>
								<line number="100" hits="1" branch="false"/>
								<line number="102" hits="1" branch="false"/>
							</lines>
						</method>
						<method name="getPostsTime" signature="()Ljava/util/List;" line-rate="1.0" branch-rate="0.6666666666666666">
							<lines>
								<line number="70" hits="1" branch="false"/>
								<line number="71" hits="1" branch="true" condition-coverage="50% (2/4)">
									<conditions>
										<condition number="0" type="jump" coverage="50%"/>
										<condition number="1" type="jump" coverage="50%"/>
									</conditions>
								</line>
								<line number="72" hits="1" branch="true" condition-coverage="100% (2/2)">
									<conditions>
										<condition number="0" type="jump" coverage="100%"/>
									</conditions>
								</line>
								<line number="73" hits="1" branch="false"/>
								<line number="74" hits="1" branch="false"/>
								<line number="76" hits="1" branch="false"/>
							</lines>
						</method>
						<method name="getStopWords" signature="()Ljava/util/HashSet;" line-rate="0.8" branch-rate="0.8333333333333334">
							<lines>
								<line number="106" hits="1" branch="false"/>
								<line number="107" hits="1" branch="false"/>
								<line number="109" hits="1" branch="false"/>
								<line number="111" hits="2" branch="true" condition-coverage="100% (2/2)">
									<conditions>
										<condition number="0" type="jump" coverage="100%"/>
									</conditions>
								</line>
								<line number="112" hits="1" branch="false"/>
								<line number="113" hits="1" branch="false"/>
								<line number="114" hits="861" branch="true" condition-coverage="100% (2/2)">
									<conditions>
										<condition number="0" type="jump" coverage="100%"/>
									</conditions>
								</line>
								<line number="115" hits="860" branch="false"/>
								<line number="116" hits="1" branch="false"/>
								<line number="118" hits="1" branch="false"/>
								<line number="119" hits="0" branch="false"/>
								<line number="120" hits="0" branch="false"/>
								<line number="122" hits="1" branch="true" condition-coverage="50% (1/2)">
									<conditions>
										<condition number="0" type="jump" coverage="50%"/>
									</conditions>
								</line>
								<line number="123" hits="1" branch="false"/>
								<line number="125" hits="0" branch="false"/>
							</lines>
						</method>
						<method name="getUserName" signature="()Ljava/lang/String;" line-rate="1.0" branch-rate="1.0">
							<lines>
								<line number="37" hits="23" branch="false"/>
							</lines>
						</method>
					</methods>
					<lines>
						<line number="26" hits="6" branch="false"/>
						<line number="27" hits="6" branch="false"/>
						<line number="28" hits="6" branch="false"/>
						<line number="29" hits="6" branch="false"/>
						<line number="37" hits="23" branch="false"/>
						<line number="46" hits="3" branch="false"/>
						<line number="55" hits="1" branch="false"/>
						<line number="56" hits="1" branch="true" condition-coverage="50% (2/4)">
							<conditions>
								<condition number="0" type="jump" coverage="50%"/>
								<condition number="1" type="jump" coverage="50%"/>
							</conditions>
						</line>
						<line number="57" hits="1" branch="true" condition-coverage="100% (2/2)">
							<conditions>
								<condition number="0" type="jump" coverage="100%"/>
							</conditions>
						</line>
						<line number="58" hits="1" branch="false"/>
						<line number="59" hits="1" branch="false"/>
						<line number="61" hits="1" branch="false"/>
						<line number="70" hits="1" branch="false"/>
						<line number="71" hits="1" branch="true" condition-coverage="50% (2/4)">
							<conditions>
								<condition number="0" type="jump" coverage="50%"/>
								<condition number="1" type="jump" coverage="50%"/>
							</conditions>
						</line>
						<line number="72" hits="1" branch="true" condition-coverage="100% (2/2)">
							<conditions>
								<condition number="0" type="jump" coverage="100%"/>
							</conditions>
						</line>
						<line number="73" hits="1" branch="false"/>
						<line number="74" hits="1" branch="false"/>
						<line number="76" hits="1" branch="false"/>
						<line number="85" hits="1" branch="false"/>
						<line number="86" hits="1" branch="false"/>
						<line number="87" hits="1" branch="true" condition-coverage="50% (2/4)">
							<conditions>
								<condition number="0" type="jump" coverage="50%"/>
								<condition number="1" type="jump" coverage="50%"/>
							</conditions>
						</line>
						<line number="88" hits="1" branch="true" condition-coverage="100% (2/2)">
							<conditions>
								<condition number="0" type="jump" coverage="100%"/>
							</conditions>
						</line>
						<line number="89" hits="1" branch="true" condition-coverage="50% (1/2)">
							<conditions>
								<condition number="0" type="jump" coverage="50%"/>
							</conditions>
						</line>
						<line number="90" hits="1" branch="false"/>
						<line number="91" hits="1" branch="false"/>
						<line number="92" hits="1" branch="false"/>
						<line number="93" hits="2" branch="true" condition-coverage="100% (2/2)">
							<conditions>
								<condition number="0" type="jump" coverage="100%"/>
							</conditions>
						</line>
						<line number="94" hits="1" branch="true" condition-coverage="50% (1/2)">
							<conditions>
								<condition number="0" type="jump" coverage="50%"/>
							</conditions>
						</line>
						<line number="95" hits="1" branch="false"/>
						<line number="98" hits="1" branch="false"/>
						<line number="100" hits="1" branch="false"/>
						<line number="102" hits="1" branch="false"/>
						<line number="106" hits="1" branch="false"/>
						<line number="107" hits="1" branch="false"/>
						<line number="109" hits="1" branch="false"/>
						<line number="111" hits="2" branch="true" condition-coverage="100% (2/2)">
							<conditions>
								<condition number="0" type="jump" coverage="100%"/>
							</conditions>
						</line>
						<line number="112" hits="1" branch="false"/>
						<line number="113" hits="1" branch="false"/>
						<line number="114" hits="861" branch="true" condition-coverage="100% (2/2)">
							<conditions>
								<condition number="0" type="jump" coverage="100%"/>
							</conditions>
						</line>
						<line number="115" hits="860" branch="false"/>
						<line number="116" hits="1" branch="false"/>
						<line number="118" hits="1" branch="false"/>
						<line number="119" hits="0" branch="false"/>
						<line number="120" hits="0" branch="false"/>
						<line number="122" hits="1" branch="true" condition-coverage="50% (1/2)">
							<conditions>
								<condition number="0" type="jump" coverage="50%"/>
							</conditions>
						</line>
						<line number="123" hits="1" branch="false"/>
						<line number="125" hits="0" branch="false"/>
						<line number="135" hits="4" branch="false"/>
						<line number="136" hits="4" branch="true" condition-coverage="50% (2/4)">
							<conditions>
								<condition number="0" type="jump" coverage="50%"/>
								<condition number="1" type="jump" coverage="50%"/>
							</conditions>
						</line>
						<line number="137" hits="4" branch="true" condition-coverage="50% (1/2)">
							<conditions>
								<condition number="0" type="jump" coverage="50%"/>
							</conditions>
						</line>
						<line number="138" hits="4" branch="true" condition-coverage="50% (1/2)">
							<conditions>
								<condition number="0" type="jump" coverage="50%"/>
							</conditions>
						</line>
						<line number="139" hits="4" branch="false"/>
						<line number="140" hits="4" branch="false"/>
						<line number="142" hits="0" branch="false"/>
						<line number="144" hits="4" branch="false"/>
						<line number="153" hits="3" branch="false"/>
						<line number="154" hits="3" branch="true" condition-coverage="50% (2/4)">
							<conditions>
								<condition number="0" type="jump" coverage="50%"/>
								<condition number="1" type="jump" coverage="50%"/>
							</conditions>
						</line>
						<line number="155" hits="5" branch="true" condition-coverage="100% (2/2)">
							<conditions>
								<condition number="0" type="jump" coverage="100%"/>
							</conditions>
						</line>
						<line number="156" hits="2" branch="false"/>
						<line number="158" hits="3" branch="true" condition-coverage="100% (2/2)">
							<conditions>
								<condition number="0" type="jump" coverage="100%"/>
							</conditions>
						</line>
						<line number="159" hits="2" branch="false"/>
						<line number="161" hits="3" branch="false"/>
					</lines>
				</class>
				<class name="edu.cmu.cs.cs214.hw5.framework.UserInfo" filename="edu/cmu/cs/cs214/hw5/framework/UserInfo.java" line-rate="1.0" branch-rate="1.0" complexity="1.0">
					<methods>
					</methods>
					<lines>
					</lines>
				</class>
				<class name="edu.cmu.cs.cs214.hw5.framework.UserInfo$1" filename="edu/cmu/cs/cs214/hw5/framework/UserInfo.java" line-rate="0.0" branch-rate="1.0" complexity="1.0">
					<methods>
						<method name="&lt;init&gt;" signature="(Ledu/cmu/cs/cs214/hw5/framework/UserInfo;)V" line-rate="1.0" branch-rate="1.0">
							<lines>
							</lines>
						</method>
						<method name="compare" signature="(Ledu/cmu/cs/cs214/hw5/framework/Post;Ledu/cmu/cs/cs214/hw5/framework/Post;)I" line-rate="0.0" branch-rate="1.0">
							<lines>
								<line number="67" hits="0" branch="false"/>
							</lines>
						</method>
						<method name="compare" signature="(Ljava/lang/Object;Ljava/lang/Object;)I" line-rate="0.0" branch-rate="1.0">
							<lines>
								<line number="62" hits="0" branch="false"/>
							</lines>
						</method>
					</methods>
					<lines>
						<line number="62" hits="0" branch="false"/>
						<line number="67" hits="0" branch="false"/>
					</lines>
				</class>
				<class name="edu.cmu.cs.cs214.hw5.framework.UserInfo$2" filename="edu/cmu/cs/cs214/hw5/framework/UserInfo.java" line-rate="0.0" branch-rate="1.0" complexity="1.0">
					<methods>
						<method name="&lt;init&gt;" signature="(Ledu/cmu/cs/cs214/hw5/framework/UserInfo;)V" line-rate="1.0" branch-rate="1.0">
							<lines>
							</lines>
						</method>
						<method name="compare" signature="(Ledu/cmu/cs/cs214/hw5/framework/Post;Ledu/cmu/cs/cs214/hw5/framework/Post;)I" line-rate="0.0" branch-rate="1.0">
							<lines>
								<line number="80" hits="0" branch="false"/>
							</lines>
						</method>
						<method name="compare" signature="(Ljava/lang/Object;Ljava/lang/Object;)I" line-rate="0.0" branch-rate="1.0">
							<lines>
								<line number="76" hits="0" branch="false"/>
							</lines>
						</method>
					</methods>
					<lines>
						<line number="76" hits="0" branch="false"/>
						<line number="80" hits="0" branch="false"/>
					</lines>
				</class>
				<class name="edu.cmu.cs.cs214.hw5.framework.UserInfoImpl" filename="edu/cmu/cs/cs214/hw5/framework/UserInfoImpl.java" line-rate="0.9215686274509803" branch-rate="0.7777777777777778" complexity="1.631578947368421">
					<methods>
						<method name="&lt;init&gt;" signature="(Ledu/cmu/cs/cs214/hw5/framework/UserBean;Ljava/util/List;)V" line-rate="1.0" branch-rate="1.0">
							<lines>
								<line number="29" hits="2" branch="false"/>
								<line number="30" hits="2" branch="false"/>
								<line number="31" hits="2" branch="false"/>
								<line number="32" hits="2" branch="false"/>
							</lines>
						</method>
						<method name="findUserLatestLocation" signature="(Ljava/lang/String;)Ledu/cmu/cs/cs214/hw5/framework/Location;" line-rate="1.0" branch-rate="1.0">
							<lines>
								<line number="140" hits="4" branch="false"/>
								<line number="141" hits="4" branch="false"/>
							</lines>
						</method>
						<method name="findUserPostsAvgFrequency" signature="(Ljava/lang/String;)I" line-rate="1.0" branch-rate="1.0">
							<lines>
								<line number="146" hits="3" branch="false"/>
								<line number="147" hits="3" branch="false"/>
							</lines>
						</method>
						<method name="getBeanByName" signature="(Ljava/lang/String;)Ledu/cmu/cs/cs214/hw5/framework/UserBean;" line-rate="0.875" branch-rate="0.8333333333333334">
							<lines>
								<line number="65" hits="9" branch="true" condition-coverage="100% (2/2)">
									<conditions>
										<condition number="0" type="jump" coverage="100%"/>
									</conditions>
								</line>
								<line number="66" hits="5" branch="false"/>
								<line number="67" hits="4" branch="false"/>
								<line number="68" hits="4" branch="true" condition-coverage="50% (1/2)">
									<conditions>
										<condition number="0" type="jump" coverage="50%"/>
									</conditions>
								</line>
								<line number="69" hits="6" branch="true" condition-coverage="100% (2/2)">
									<conditions>
										<condition number="0" type="jump" coverage="100%"/>
									</conditions>
								</line>
								<line number="70" hits="4" branch="false"/>
								<line number="71" hits="2" branch="false"/>
								<line number="72" hits="0" branch="false"/>
							</lines>
						</method>
						<method name="getFriendLocationPairs" signature="()Ljava/util/Map;" line-rate="1.0" branch-rate="1.0">
							<lines>
								<line number="152" hits="1" branch="false"/>
								<line number="153" hits="1" branch="true" condition-coverage="100% (2/2)">
									<conditions>
										<condition number="0" type="jump" coverage="100%"/>
									</conditions>
								</line>
								<line number="154" hits="4" branch="false"/>
								<line number="155" hits="2" branch="false"/>
								<line number="156" hits="2" branch="false"/>
								<line number="157" hits="1" branch="false"/>
							</lines>
						</method>
						<method name="getFriends" signature="()Ljava/util/List;" line-rate="1.0" branch-rate="1.0">
							<lines>
								<line number="46" hits="1" branch="false"/>
							</lines>
						</method>
						<method name="getHost" signature="()Ledu/cmu/cs/cs214/hw5/framework/UserBean;" line-rate="1.0" branch-rate="1.0">
							<lines>
								<line number="36" hits="2" branch="false"/>
							</lines>
						</method>
						<method name="getHostFriendsName" signature="()Ljava/util/List;" line-rate="1.0" branch-rate="1.0">
							<lines>
								<line number="56" hits="1" branch="false"/>
								<line number="57" hits="1" branch="true" condition-coverage="100% (2/2)">
									<conditions>
										<condition number="0" type="jump" coverage="100%"/>
									</conditions>
								</line>
								<line number="58" hits="2" branch="false"/>
								<line number="59" hits="2" branch="false"/>
								<line number="60" hits="1" branch="false"/>
							</lines>
						</method>
						<method name="getHostLocationsOfPosts" signature="()Ljava/util/List;" line-rate="1.0" branch-rate="1.0">
							<lines>
								<line number="114" hits="1" branch="false"/>
							</lines>
						</method>
						<method name="getHostName" signature="()Ljava/lang/String;" line-rate="1.0" branch-rate="1.0">
							<lines>
								<line number="51" hits="1" branch="false"/>
							</lines>
						</method>
						<method name="getHostPostsContent" signature="()Ljava/util/List;" line-rate="1.0" branch-rate="1.0">
							<lines>
								<line number="124" hits="1" branch="false"/>
							</lines>
						</method>
						<method name="getHostPostsTimes" signature="()Ljava/util/List;" line-rate="1.0" branch-rate="1.0">
							<lines>
								<line number="119" hits="1" branch="false"/>
							</lines>
						</method>
						<method name="getLocationsOfPosts" signature="(Ljava/util/List;)Ljava/util/List;" line-rate="1.0" branch-rate="0.6666666666666666">
							<lines>
								<line number="129" hits="1" branch="false"/>
								<line number="130" hits="1" branch="true" condition-coverage="50% (2/4)">
									<conditions>
										<condition number="0" type="jump" coverage="50%"/>
										<condition number="1" type="jump" coverage="50%"/>
									</conditions>
								</line>
								<line number="131" hits="1" branch="true" condition-coverage="100% (2/2)">
									<conditions>
										<condition number="0" type="jump" coverage="100%"/>
									</conditions>
								</line>
								<line number="132" hits="1" branch="false"/>
								<line number="133" hits="1" branch="false"/>
								<line number="135" hits="1" branch="false"/>
							</lines>
						</method>
						<method name="getSortPostsByContentLength" signature="()Ljava/util/List;" line-rate="1.0" branch-rate="1.0">
							<lines>
								<line number="100" hits="1" branch="false"/>
								<line number="101" hits="1" branch="false"/>
								<line number="109" hits="1" branch="false"/>
							</lines>
						</method>
						<method name="getSortPostsByTime" signature="()Ljava/util/List;" line-rate="1.0" branch-rate="1.0">
							<lines>
								<line number="85" hits="1" branch="false"/>
								<line number="86" hits="1" branch="false"/>
								<line number="95" hits="1" branch="false"/>
							</lines>
						</method>
						<method name="getUserPostsByName" signature="(Ljava/lang/String;)Ljava/util/List;" line-rate="0.75" branch-rate="0.5">
							<lines>
								<line number="77" hits="1" branch="false"/>
								<line number="78" hits="1" branch="true" condition-coverage="50% (1/2)">
									<conditions>
										<condition number="0" type="jump" coverage="50%"/>
									</conditions>
								</line>
								<line number="79" hits="1" branch="false"/>
								<line number="80" hits="0" branch="false"/>
							</lines>
						</method>
						<method name="setHost" signature="(Ledu/cmu/cs/cs214/hw5/framework/UserBean;)V" line-rate="0.0" branch-rate="1.0">
							<lines>
								<line number="41" hits="0" branch="false"/>
								<line number="42" hits="0" branch="false"/>
							</lines>
						</method>
					</methods>
					<lines>
						<line number="29" hits="2" branch="false"/>
						<line number="30" hits="2" branch="false"/>
						<line number="31" hits="2" branch="false"/>
						<line number="32" hits="2" branch="false"/>
						<line number="36" hits="2" branch="false"/>
						<line number="41" hits="0" branch="false"/>
						<line number="42" hits="0" branch="false"/>
						<line number="46" hits="1" branch="false"/>
						<line number="51" hits="1" branch="false"/>
						<line number="56" hits="1" branch="false"/>
						<line number="57" hits="1" branch="true" condition-coverage="100% (2/2)">
							<conditions>
								<condition number="0" type="jump" coverage="100%"/>
							</conditions>
						</line>
						<line number="58" hits="2" branch="false"/>
						<line number="59" hits="2" branch="false"/>
						<line number="60" hits="1" branch="false"/>
						<line number="65" hits="9" branch="true" condition-coverage="100% (2/2)">
							<conditions>
								<condition number="0" type="jump" coverage="100%"/>
							</conditions>
						</line>
						<line number="66" hits="5" branch="false"/>
						<line number="67" hits="4" branch="false"/>
						<line number="68" hits="4" branch="true" condition-coverage="50% (1/2)">
							<conditions>
								<condition number="0" type="jump" coverage="50%"/>
							</conditions>
						</line>
						<line number="69" hits="6" branch="true" condition-coverage="100% (2/2)">
							<conditions>
								<condition number="0" type="jump" coverage="100%"/>
							</conditions>
						</line>
						<line number="70" hits="4" branch="false"/>
						<line number="71" hits="2" branch="false"/>
						<line number="72" hits="0" branch="false"/>
						<line number="77" hits="1" branch="false"/>
						<line number="78" hits="1" branch="true" condition-coverage="50% (1/2)">
							<conditions>
								<condition number="0" type="jump" coverage="50%"/>
							</conditions>
						</line>
						<line number="79" hits="1" branch="false"/>
						<line number="80" hits="0" branch="false"/>
						<line number="85" hits="1" branch="false"/>
						<line number="86" hits="1" branch="false"/>
						<line number="95" hits="1" branch="false"/>
						<line number="100" hits="1" branch="false"/>
						<line number="101" hits="1" branch="false"/>
						<line number="109" hits="1" branch="false"/>
						<line number="114" hits="1" branch="false"/>
						<line number="119" hits="1" branch="false"/>
						<line number="124" hits="1" branch="false"/>
						<line number="129" hits="1" branch="false"/>
						<line number="130" hits="1" branch="true" condition-coverage="50% (2/4)">
							<conditions>
								<condition number="0" type="jump" coverage="50%"/>
								<condition number="1" type="jump" coverage="50%"/>
							</conditions>
						</line>
						<line number="131" hits="1" branch="true" condition-coverage="100% (2/2)">
							<conditions>
								<condition number="0" type="jump" coverage="100%"/>
							</conditions>
						</line>
						<line number="132" hits="1" branch="false"/>
						<line number="133" hits="1" branch="false"/>
						<line number="135" hits="1" branch="false"/>
						<line number="140" hits="4" branch="false"/>
						<line number="141" hits="4" branch="false"/>
						<line number="146" hits="3" branch="false"/>
						<line number="147" hits="3" branch="false"/>
						<line number="152" hits="1" branch="false"/>
						<line number="153" hits="1" branch="true" condition-coverage="100% (2/2)">
							<conditions>
								<condition number="0" type="jump" coverage="100%"/>
							</conditions>
						</line>
						<line number="154" hits="4" branch="false"/>
						<line number="155" hits="2" branch="false"/>
						<line number="156" hits="2" branch="false"/>
						<line number="157" hits="1" branch="false"/>
					</lines>
				</class>
				<class name="edu.cmu.cs.cs214.hw5.framework.UserInfoImpl$1" filename="edu/cmu/cs/cs214/hw5/framework/UserInfoImpl.java" line-rate="0.5" branch-rate="1.0" complexity="1.631578947368421">
					<methods>
						<method name="&lt;init&gt;" signature="(Ledu/cmu/cs/cs214/hw5/framework/UserInfoImpl;)V" line-rate="1.0" branch-rate="1.0">
							<lines>
							</lines>
						</method>
						<method name="compare" signature="(Ledu/cmu/cs/cs214/hw5/framework/Post;Ledu/cmu/cs/cs214/hw5/framework/Post;)I" line-rate="0.0" branch-rate="1.0">
							<lines>
								<line number="91" hits="0" branch="false"/>
							</lines>
						</method>
						<method name="compare" signature="(Ljava/lang/Object;Ljava/lang/Object;)I" line-rate="1.0" branch-rate="1.0">
							<lines>
								<line number="86" hits="1" branch="false"/>
							</lines>
						</method>
					</methods>
					<lines>
						<line number="86" hits="1" branch="false"/>
						<line number="91" hits="0" branch="false"/>
					</lines>
				</class>
				<class name="edu.cmu.cs.cs214.hw5.framework.UserInfoImpl$2" filename="edu/cmu/cs/cs214/hw5/framework/UserInfoImpl.java" line-rate="0.5" branch-rate="1.0" complexity="1.631578947368421">
					<methods>
						<method name="&lt;init&gt;" signature="(Ledu/cmu/cs/cs214/hw5/framework/UserInfoImpl;)V" line-rate="1.0" branch-rate="1.0">
							<lines>
							</lines>
						</method>
						<method name="compare" signature="(Ledu/cmu/cs/cs214/hw5/framework/Post;Ledu/cmu/cs/cs214/hw5/framework/Post;)I" line-rate="0.0" branch-rate="1.0">
							<lines>
								<line number="105" hits="0" branch="false"/>
							</lines>
						</method>
						<method name="compare" signature="(Ljava/lang/Object;Ljava/lang/Object;)I" line-rate="1.0" branch-rate="1.0">
							<lines>
								<line number="101" hits="1" branch="false"/>
							</lines>
						</method>
					</methods>
					<lines>
						<line number="101" hits="1" branch="false"/>
						<line number="105" hits="0" branch="false"/>
					</lines>
				</class>
			</classes>
		</package>
		<package name="edu.cmu.cs.cs214.hw5.plugin" line-rate="0.0" branch-rate="0.0" complexity="4.04">
			<classes>
				<class name="edu.cmu.cs.cs214.hw5.plugin.AnalysisPlugin" filename="edu/cmu/cs/cs214/hw5/plugin/AnalysisPlugin.java" line-rate="1.0" branch-rate="1.0" complexity="1.0">
					<methods>
					</methods>
					<lines>
					</lines>
				</class>
				<class name="edu.cmu.cs.cs214.hw5.plugin.DataPlugin" filename="edu/cmu/cs/cs214/hw5/plugin/DataPlugin.java" line-rate="1.0" branch-rate="1.0" complexity="1.0">
					<methods>
					</methods>
					<lines>
					</lines>
				</class>
				<class name="edu.cmu.cs.cs214.hw5.plugin.FacebookData" filename="edu/cmu/cs/cs214/hw5/plugin/FacebookData.java" line-rate="0.0" branch-rate="0.0" complexity="4.0">
					<methods>
						<method name="&lt;init&gt;" signature="()V" line-rate="0.0" branch-rate="1.0">
							<lines>
								<line number="30" hits="0" branch="false"/>
								<line number="31" hits="0" branch="false"/>
								<line number="32" hits="0" branch="false"/>
								<line number="33" hits="0" branch="false"/>
								<line number="34" hits="0" branch="false"/>
							</lines>
						</method>
						<method name="extractConnectorsByName" signature="(Ljava/lang/String;I)Ljava/util/List;" line-rate="0.0" branch-rate="0.0">
							<lines>
								<line number="74" hits="0" branch="false"/>
								<line number="76" hits="0" branch="false"/>
								<line number="77" hits="0" branch="true" condition-coverage="0% (0/2)">
									<conditions>
										<condition number="0" type="jump" coverage="0%"/>
									</conditions>
								</line>
								<line number="78" hits="0" branch="false"/>
								<line number="79" hits="0" branch="false"/>
								<line number="80" hits="0" branch="false"/>
								<line number="81" hits="0" branch="false"/>
								<line number="82" hits="0" branch="false"/>
								<line number="83" hits="0" branch="false"/>
							</lines>
						</method>
						<method name="extractPostsByName" signature="(Ljava/lang/String;I)Ljava/util/List;" line-rate="0.0" branch-rate="0.0">
							<lines>
								<line number="45" hits="0" branch="false"/>
								<line number="46" hits="0" branch="false"/>
								<line number="47" hits="0" branch="false"/>
								<line number="48" hits="0" branch="false"/>
								<line number="49" hits="0" branch="false"/>
								<line number="50" hits="0" branch="false"/>
								<line number="51" hits="0" branch="true" condition-coverage="0% (0/2)">
									<conditions>
										<condition number="0" type="jump" coverage="0%"/>
									</conditions>
								</line>
								<line number="52" hits="0" branch="false"/>
								<line number="53" hits="0" branch="false"/>
								<line number="55" hits="0" branch="false"/>
								<line number="56" hits="0" branch="true" condition-coverage="0% (0/2)">
									<conditions>
										<condition number="0" type="jump" coverage="0%"/>
									</conditions>
								</line>
								<line number="57" hits="0" branch="false"/>
								<line number="58" hits="0" branch="false"/>
								<line number="59" hits="0" branch="false"/>
								<line number="60" hits="0" branch="false"/>
								<line number="61" hits="0" branch="false"/>
								<line number="62" hits="0" branch="true" condition-coverage="0% (0/2)">
									<conditions>
										<condition number="0" type="jump" coverage="0%"/>
									</conditions>
								</line>
								<line number="63" hits="0" branch="false"/>
								<line number="64" hits="0" branch="false"/>
								<line number="66" hits="0" branch="false"/>
								<line number="67" hits="0" branch="false"/>
								<line number="69" hits="0" branch="false"/>
							</lines>
						</method>
						<method name="getSourceName" signature="()Ljava/lang/String;" line-rate="0.0" branch-rate="1.0">
							<lines>
								<line number="38" hits="0" branch="false"/>
							</lines>
						</method>
					</methods>
					<lines>
						<line number="30" hits="0" branch="false"/>
						<line number="31" hits="0" branch="false"/>
						<line number="32" hits="0" branch="false"/>
						<line number="33" hits="0" branch="false"/>
						<line number="34" hits="0" branch="false"/>
						<line number="38" hits="0" branch="false"/>
						<line number="45" hits="0" branch="false"/>
						<line number="46" hits="0" branch="false"/>
						<line number="47" hits="0" branch="false"/>
						<line number="48" hits="0" branch="false"/>
						<line number="49" hits="0" branch="false"/>
						<line number="50" hits="0" branch="false"/>
						<line number="51" hits="0" branch="true" condition-coverage="0% (0/2)">
							<conditions>
								<condition number="0" type="jump" coverage="0%"/>
							</conditions>
						</line>
						<line number="52" hits="0" branch="false"/>
						<line number="53" hits="0" branch="false"/>
						<line number="55" hits="0" branch="false"/>
						<line number="56" hits="0" branch="true" condition-coverage="0% (0/2)">
							<conditions>
								<condition number="0" type="jump" coverage="0%"/>
							</conditions>
						</line>
						<line number="57" hits="0" branch="false"/>
						<line number="58" hits="0" branch="false"/>
						<line number="59" hits="0" branch="false"/>
						<line number="60" hits="0" branch="false"/>
						<line number="61" hits="0" branch="false"/>
						<line number="62" hits="0" branch="true" condition-coverage="0% (0/2)">
							<conditions>
								<condition number="0" type="jump" coverage="0%"/>
							</conditions>
						</line>
[...]
								<line number="97" hits="0" branch="false"/>
								<line number="101" hits="0" branch="false"/>
								<line number="102" hits="0" branch="false"/>
								<line number="104" hits="0" branch="false"/>
								<line number="105" hits="0" branch="false"/>
								<line number="106" hits="0" branch="false"/>
							</lines>
						</method>
						<method name="getName" signature="()Ljava/lang/String;" line-rate="0.0" branch-rate="1.0">
							<lines>
								<line number="178" hits="0" branch="false"/>
								<line number="179" hits="0" branch="false"/>
							</lines>
						</method>
						<method name="getPostTime" signature="(Ledu/cmu/cs/cs214/hw5/framework/UserInfoImpl;)Ljava/util/HashMap;" line-rate="0.0" branch-rate="0.0">
							<lines>
								<line number="159" hits="0" branch="false"/>
								<line number="160" hits="0" branch="true" condition-coverage="0% (0/2)">
									<conditions>
										<condition number="0" type="jump" coverage="0%"/>
									</conditions>
								</line>
								<line number="161" hits="0" branch="false"/>
								<line number="163" hits="0" branch="false"/>
								<line number="164" hits="0" branch="true" condition-coverage="0% (0/2)">
									<conditions>
										<condition number="0" type="jump" coverage="0%"/>
									</conditions>
								</line>
								<line number="165" hits="0" branch="false"/>
								<line number="166" hits="0" branch="false"/>
								<line number="167" hits="0" branch="false"/>
								<line number="168" hits="0" branch="true" condition-coverage="0% (0/2)">
									<conditions>
										<condition number="0" type="jump" coverage="0%"/>
									</conditions>
								</line>
								<line number="169" hits="0" branch="false"/>
								<line number="170" hits="0" branch="false"/>
								<line number="172" hits="0" branch="false"/>
								<line number="173" hits="0" branch="false"/>
							</lines>
						</method>
						<method name="getTextResult" signature="(Ljava/util/ArrayList;)Ljavax/swing/JPanel;" line-rate="0.0" branch-rate="0.0">
							<lines>
								<line number="110" hits="0" branch="false"/>
								<line number="111" hits="0" branch="false"/>
								<line number="112" hits="0" branch="false"/>
								<line number="113" hits="0" branch="false"/>
								<line number="114" hits="0" branch="true" condition-coverage="0% (0/2)">
									<conditions>
										<condition number="0" type="jump" coverage="0%"/>
									</conditions>
								</line>
								<line number="115" hits="0" branch="true" condition-coverage="0% (0/4)">
									<conditions>
										<condition number="0" type="jump" coverage="0%"/>
										<condition number="1" type="jump" coverage="0%"/>
									</conditions>
								</line>
								<line number="116" hits="0" branch="false"/>
								<line number="117" hits="0" branch="true" condition-coverage="0% (0/4)">
									<conditions>
										<condition number="0" type="jump" coverage="0%"/>
										<condition number="1" type="jump" coverage="0%"/>
									</conditions>
								</line>
								<line number="118" hits="0" branch="false"/>
								<line number="120" hits="0" branch="false"/>
								<line number="123" hits="0" branch="false"/>
								<line number="124" hits="0" branch="false"/>
								<line number="125" hits="0" branch="false"/>
								<line number="126" hits="0" branch="true" condition-coverage="0% (0/4)">
									<conditions>
										<condition number="0" type="jump" coverage="0%"/>
										<condition number="1" type="jump" coverage="0%"/>
									</conditions>
								</line>
								<line number="127" hits="0" branch="false"/>
								<line number="128" hits="0" branch="false"/>
								<line number="129" hits="0" branch="false"/>
								<line number="130" hits="0" branch="true" condition-coverage="0% (0/4)">
									<conditions>
										<condition number="0" type="jump" coverage="0%"/>
										<condition number="1" type="jump" coverage="0%"/>
									</conditions>
								</line>
								<line number="131" hits="0" branch="false"/>
								<line number="132" hits="0" branch="false"/>
								<line number="133" hits="0" branch="false"/>
								<line number="135" hits="0" branch="true" condition-coverage="0% (0/4)">
									<conditions>
										<condition number="0" type="jump" coverage="0%"/>
										<condition number="1" type="jump" coverage="0%"/>
									</conditions>
								</line>
								<line number="136" hits="0" branch="false"/>
								<line number="137" hits="0" branch="false"/>
								<line number="138" hits="0" branch="false"/>
								<line number="141" hits="0" branch="false"/>
								<line number="142" hits="0" branch="false"/>
								<line number="143" hits="0" branch="false"/>
								<line number="145" hits="0" branch="false"/>
								<line number="146" hits="0" branch="false"/>
								<line number="147" hits="0" branch="false"/>
								<line number="148" hits="0" branch="false"/>
								<line number="149" hits="0" branch="false"/>
								<line number="150" hits="0" branch="false"/>
								<line number="151" hits="0" branch="false"/>
								<line number="152" hits="0" branch="false"/>
								<line number="154" hits="0" branch="false"/>
							</lines>
						</method>
					</methods>
					<lines>
						<line number="38" hits="0" branch="false"/>
						<line number="54" hits="0" branch="false"/>
						<line number="55" hits="0" branch="false"/>
						<line number="56" hits="0" branch="false"/>
						<line number="58" hits="0" branch="false"/>
						<line number="61" hits="0" branch="false"/>
						<line number="62" hits="0" branch="false"/>
						<line number="63" hits="0" branch="false"/>
						<line number="64" hits="0" branch="false"/>
						<line number="76" hits="0" branch="true" condition-coverage="0% (0/2)">
							<conditions>
								<condition number="0" type="jump" coverage="0%"/>
							</conditions>
						</line>
						<line number="77" hits="0" branch="false"/>
						<line number="78" hits="0" branch="false"/>
						<line number="80" hits="0" branch="false"/>
						<line number="83" hits="0" branch="false"/>
						<line number="85" hits="0" branch="false"/>
						<line number="86" hits="0" branch="false"/>
						<line number="87" hits="0" branch="false"/>
						<line number="88" hits="0" branch="false"/>
						<line number="91" hits="0" branch="false"/>
						<line number="92" hits="0" branch="false"/>
						<line number="93" hits="0" branch="false"/>
						<line number="95" hits="0" branch="false"/>
						<line number="96" hits="0" branch="false"/>
						<line number="97" hits="0" branch="false"/>
						<line number="101" hits="0" branch="false"/>
						<line number="102" hits="0" branch="false"/>
						<line number="104" hits="0" branch="false"/>
						<line number="105" hits="0" branch="false"/>
						<line number="106" hits="0" branch="false"/>
						<line number="110" hits="0" branch="false"/>
						<line number="111" hits="0" branch="false"/>
						<line number="112" hits="0" branch="false"/>
						<line number="113" hits="0" branch="false"/>
						<line number="114" hits="0" branch="true" condition-coverage="0% (0/2)">
							<conditions>
								<condition number="0" type="jump" coverage="0%"/>
							</conditions>
						</line>
						<line number="115" hits="0" branch="true" condition-coverage="0% (0/4)">
							<conditions>
								<condition number="0" type="jump" coverage="0%"/>
								<condition number="1" type="jump" coverage="0%"/>
							</conditions>
						</line>
						<line number="116" hits="0" branch="false"/>
						<line number="117" hits="0" branch="true" condition-coverage="0% (0/4)">
							<conditions>
								<condition number="0" type="jump" coverage="0%"/>
								<condition number="1" type="jump" coverage="0%"/>
							</conditions>
						</line>
						<line number="118" hits="0" branch="false"/>
						<line number="120" hits="0" branch="false"/>
						<line number="123" hits="0" branch="false"/>
						<line number="124" hits="0" branch="false"/>
						<line number="125" hits="0" branch="false"/>
						<line number="126" hits="0" branch="true" condition-coverage="0% (0/4)">
							<conditions>
								<condition number="0" type="jump" coverage="0%"/>
								<condition number="1" type="jump" coverage="0%"/>
							</conditions>
						</line>
						<line number="127" hits="0" branch="false"/>
						<line number="128" hits="0" branch="false"/>
						<line number="129" hits="0" branch="false"/>
						<line number="130" hits="0" branch="true" condition-coverage="0% (0/4)">
							<conditions>
								<condition number="0" type="jump" coverage="0%"/>
								<condition number="1" type="jump" coverage="0%"/>
							</conditions>
						</line>
						<line number="131" hits="0" branch="false"/>
						<line number="132" hits="0" branch="false"/>
						<line number="133" hits="0" branch="false"/>
						<line number="135" hits="0" branch="true" condition-coverage="0% (0/4)">
							<conditions>
								<condition number="0" type="jump" coverage="0%"/>
								<condition number="1" type="jump" coverage="0%"/>
							</conditions>
						</line>
						<line number="136" hits="0" branch="false"/>
						<line number="137" hits="0" branch="false"/>
						<line number="138" hits="0" branch="false"/>
						<line number="141" hits="0" branch="false"/>
						<line number="142" hits="0" branch="false"/>
						<line number="143" hits="0" branch="false"/>
						<line number="145" hits="0" branch="false"/>
						<line number="146" hits="0" branch="false"/>
						<line number="147" hits="0" branch="false"/>
						<line number="148" hits="0" branch="false"/>
						<line number="149" hits="0" branch="false"/>
						<line number="150" hits="0" branch="false"/>
						<line number="151" hits="0" branch="false"/>
						<line number="152" hits="0" branch="false"/>
						<line number="154" hits="0" branch="false"/>
						<line number="159" hits="0" branch="false"/>
						<line number="160" hits="0" branch="true" condition-coverage="0% (0/2)">
							<conditions>
								<condition number="0" type="jump" coverage="0%"/>
							</conditions>
						</line>
						<line number="161" hits="0" branch="false"/>
						<line number="163" hits="0" branch="false"/>
						<line number="164" hits="0" branch="true" condition-coverage="0% (0/2)">
							<conditions>
								<condition number="0" type="jump" coverage="0%"/>
							</conditions>
						</line>
						<line number="165" hits="0" branch="false"/>
						<line number="166" hits="0" branch="false"/>
						<line number="167" hits="0" branch="false"/>
						<line number="168" hits="0" branch="true" condition-coverage="0% (0/2)">
							<conditions>
								<condition number="0" type="jump" coverage="0%"/>
							</conditions>
						</line>
						<line number="169" hits="0" branch="false"/>
						<line number="170" hits="0" branch="false"/>
						<line number="172" hits="0" branch="false"/>
						<line number="173" hits="0" branch="false"/>
						<line number="178" hits="0" branch="false"/>
						<line number="179" hits="0" branch="false"/>
					</lines>
				</class>
				<class name="edu.cmu.cs.cs214.hw5.plugin.PostTimeAnalysis$1" filename="edu/cmu/cs/cs214/hw5/plugin/PostTimeAnalysis.java" line-rate="0.0" branch-rate="1.0" complexity="4.0">
					<methods>
						<method name="&lt;init&gt;" signature="(Ledu/cmu/cs/cs214/hw5/plugin/PostTimeAnalysis;)V" line-rate="1.0" branch-rate="1.0">
							<lines>
							</lines>
						</method>
						<method name="compare" signature="(Ljava/lang/Object;Ljava/lang/Object;)I" line-rate="0.0" branch-rate="1.0">
							<lines>
								<line number="65" hits="0" branch="false"/>
							</lines>
						</method>
						<method name="compare" signature="(Ljava/util/Map$Entry;Ljava/util/Map$Entry;)I" line-rate="0.0" branch-rate="1.0">
							<lines>
								<line number="70" hits="0" branch="false"/>
							</lines>
						</method>
					</methods>
					<lines>
						<line number="65" hits="0" branch="false"/>
						<line number="70" hits="0" branch="false"/>
					</lines>
				</class>
				<class name="edu.cmu.cs.cs214.hw5.plugin.TwitterData" filename="edu/cmu/cs/cs214/hw5/plugin/TwitterData.java" line-rate="0.0" branch-rate="0.0" complexity="3.8">
					<methods>
						<method name="&lt;init&gt;" signature="()V" line-rate="0.0" branch-rate="1.0">
							<lines>
								<line number="34" hits="0" branch="false"/>
								<line number="35" hits="0" branch="false"/>
								<line number="36" hits="0" branch="false"/>
							</lines>
						</method>
						<method name="extractConnectorsByName" signature="(Ljava/lang/String;I)Ljava/util/List;" line-rate="0.0" branch-rate="0.0">
							<lines>
								<line number="81" hits="0" branch="false"/>
								<line number="83" hits="0" branch="false"/>
								<line number="84" hits="0" branch="false"/>
								<line number="85" hits="0" branch="true" condition-coverage="0% (0/2)">
									<conditions>
										<condition number="0" type="jump" coverage="0%"/>
									</conditions>
								</line>
								<line number="86" hits="0" branch="false"/>
								<line number="87" hits="0" branch="true" condition-coverage="0% (0/2)">
									<conditions>
										<condition number="0" type="jump" coverage="0%"/>
									</conditions>
								</line>
								<line number="88" hits="0" branch="false"/>
								<line number="89" hits="0" branch="false"/>
								<line number="91" hits="0" branch="false"/>
								<line number="92" hits="0" branch="false"/>
								<line number="93" hits="0" branch="false"/>
								<line number="95" hits="0" branch="false"/>
							</lines>
						</method>
						<method name="extractPostsByName" signature="(Ljava/lang/String;I)Ljava/util/List;" line-rate="0.0" branch-rate="0.0">
							<lines>
								<line number="45" hits="0" branch="false"/>
								<line number="46" hits="0" branch="false"/>
								<line number="49" hits="0" branch="false"/>
								<line number="50" hits="0" branch="true" condition-coverage="0% (0/2)">
									<conditions>
										<condition number="0" type="jump" coverage="0%"/>
									</conditions>
								</line>
								<line number="51" hits="0" branch="false"/>
								<line number="52" hits="0" branch="false"/>
								<line number="53" hits="0" branch="false"/>
								<line number="54" hits="0" branch="false"/>
								<line number="56" hits="0" branch="false"/>
								<line number="58" hits="0" branch="false"/>
								<line number="61" hits="0" branch="false"/>
								<line number="62" hits="0" branch="false"/>
								<line number="63" hits="0" branch="false"/>
								<line number="64" hits="0" branch="true" condition-coverage="0% (0/2)">
									<conditions>
										<condition number="0" type="jump" coverage="0%"/>
									</conditions>
								</line>
								<line number="65" hits="0" branch="false"/>
								<line number="66" hits="0" branch="false"/>
								<line number="67" hits="0" branch="false"/>
								<line number="68" hits="0" branch="false"/>
								<line number="69" hits="0" branch="true" condition-coverage="0% (0/2)">
									<conditions>
										<condition number="0" type="jump" coverage="0%"/>
									</conditions>
								</line>
								<line number="70" hits="0" branch="false"/>
								<line number="71" hits="0" branch="true" condition-coverage="0% (0/2)">
									<conditions>
										<condition number="0" type="jump" coverage="0%"/>
									</conditions>
								</line>
								<line number="72" hits="0" branch="false"/>
								<line number="74" hits="0" branch="false"/>
								<line number="75" hits="0" branch="false"/>
								<line number="76" hits="0" branch="false"/>
							</lines>
						</method>
						<method name="getSourceName" signature="()Ljava/lang/String;" line-rate="0.0" branch-rate="1.0">
							<lines>
								<line number="40" hits="0" branch="false"/>
							</lines>
						</method>
						<method name="performGeoCoding" signature="(Ljava/lang/String;)Ledu/cmu/cs/cs214/hw5/framework/Location;" line-rate="0.0" branch-rate="1.0">
							<lines>
								<line number="108" hits="0" branch="false"/>
								<line number="109" hits="0" branch="false"/>
								<line number="112" hits="0" branch="false"/>
								<line number="113" hits="0" branch="false"/>
								<line number="114" hits="0" branch="false"/>
								<line number="115" hits="0" branch="false"/>
								<line number="116" hits="0" branch="false"/>
								<line number="117" hits="0" branch="false"/>
							</lines>
						</method>
					</methods>
					<lines>
						<line number="34" hits="0" branch="false"/>
						<line number="35" hits="0" branch="false"/>
						<line number="36" hits="0" branch="false"/>
						<line number="40" hits="0" branch="false"/>
						<line number="45" hits="0" branch="false"/>
						<line number="46" hits="0" branch="false"/>
						<line number="49" hits="0" branch="false"/>
						<line number="50" hits="0" branch="true" condition-coverage="0% (0/2)">
							<conditions>
								<condition number="0" type="jump" coverage="0%"/>
							</conditions>
						</line>
						<line number="51" hits="0" branch="false"/>
						<line number="52" hits="0" branch="false"/>
						<line number="53" hits="0" branch="false"/>
						<line number="54" hits="0" branch="false"/>
						<line number="56" hits="0" branch="false"/>
						<line number="58" hits="0" branch="false"/>
						<line number="61" hits="0" branch="false"/>
						<line number="62" hits="0" branch="false"/>
						<line number="63" hits="0" branch="false"/>
						<line number="64" hits="0" branch="true" condition-coverage="0% (0/2)">
							<conditions>
								<condition number="0" type="jump" coverage="0%"/>
							</conditions>
						</line>
						<line number="65" hits="0" branch="false"/>
						<line number="66" hits="0" branch="false"/>
						<line number="67" hits="0" branch="false"/>
						<line number="68" hits="0" branch="false"/>
						<line number="69" hits="0" branch="true" condition-coverage="0% (0/2)">
							<conditions>
								<condition number="0" type="jump" coverage="0%"/>
							</conditions>
						</line>
						<line number="70" hits="0" branch="false"/>
						<line number="71" hits="0" branch="true" condition-coverage="0% (0/2)">
							<conditions>
								<condition number="0" type="jump" coverage="0%"/>
							</conditions>
						</line>
						<line number="72" hits="0" branch="false"/>
						<line number="74" hits="0" branch="false"/>
						<line number="75" hits="0" branch="false"/>
						<line number="76" hits="0" branch="false"/>
						<line number="81" hits="0" branch="false"/>
						<line number="83" hits="0" branch="false"/>
						<line number="84" hits="0" branch="false"/>
						<line number="85" hits="0" branch="true" condition-coverage="0% (0/2)">
							<conditions>
								<condition number="0" type="jump" coverage="0%"/>
							</conditions>
						</line>
						<line number="86" hits="0" branch="false"/>
						<line number="87" hits="0" branch="true" condition-coverage="0% (0/2)">
							<conditions>
								<condition number="0" type="jump" coverage="0%"/>
							</conditions>
						</line>
						<line number="88" hits="0" branch="false"/>
						<line number="89" hits="0" branch="false"/>
						<line number="91" hits="0" branch="false"/>
						<line number="92" hits="0" branch="false"/>
						<line number="93" hits="0" branch="false"/>
						<line number="95" hits="0" branch="false"/>
						<line number="108" hits="0" branch="false"/>
						<line number="109" hits="0" branch="false"/>
						<line number="112" hits="0" branch="false"/>
						<line number="113" hits="0" branch="false"/>
						<line number="114" hits="0" branch="false"/>
						<line number="115" hits="0" branch="false"/>
						<line number="116" hits="0" branch="false"/>
						<line number="117" hits="0" branch="false"/>
					</lines>
				</class>
			</classes>
		</package>
	</packages>
</coverage>
